<?xml version="1.0" encoding="UTF-8"?>
<!-- Generated by org.testng.reporters.JUnitReportReporter -->
<testsuite hostname="DESKTOP-KLALOCH" failures="0" tests="1" name="tests.DemoTest" time="4.230" errors="0" timestamp="2021-02-04T21:17:12 CET" skipped="0">
  <testcase classname="tests.DemoTest" name="demoTest" time="4.230"/>
  <system-out/>
</testsuite> <!-- tests.DemoTest -->
